jamie@canonical.com
bryan.quigley@canonical.com
rene@debian.org
bryan.quigley@canonical.com
rene@debian.org
intrigeri@boum.org
jonathan.davies@canonical.com
bryan.quigley@canonical.com
rene@debian.org
bryan.quigley@canonical.com
rene@debian.org
martin.pitt@ubuntu.com
jamie@canonical.com
danieru.dressler@gmail.com
ftpmaster@ubuntu.com
cdimage@ubuntu.com
ftpmaster@ubuntu.com
user@example.com
dave@mielke.cc
yan@mistigri.org
dave@mielke.cc
rq@akl.lt
tadas.matus@gmail.com
dave@mielke.cc
nico@fluxnic.net
dave@mielke.cc
mlang@delysid.org
dave@mielke.cc
mick@kulgan.net
dave@mielke.cc
mlang@delysid.org
dave@mielke.cc
billh@gnome.org
dave@mielke.cc
nico@fluxnic.net
dave@mielke.cc
mlang@delysid.org
dave@mielke.cc
coscell@gmail.com
dave@mielke.cc
mlang@delysid.org
dave@mielke.cc
director@chpi.org
dave@mielke.cc
director@chpi.org
mramadan@nattiq.com
dave@mielke.cc
director@chpi.org
mramadan@nattiq.com
dave@mielke.cc
chlor@schou.dk
dave@mielke.cc
rq@akl.lt
dave@mielke.cc
director@chpi.org
mramadan@nattiq.com
dave@mielke.cc
tomas.mardsjo@icap.nu
dave@mielke.cc
director@chpi.org
mramadan@nattiq.com
dave@mielke.cc
director@chpi.org
mramadan@nattiq.com
dave@mielke.cc
sable@users.sourceforge
dave@mielke.cc
director@chpi.org
mramadan@nattiq.com
dave@mielke.cc
director@chpi.org
mramadan@nattiq.com
dave@mielke.cc
birkir@midstod.is
dave@mielke.cc
torma.zsolt@infoalap.hu
dave@mielke.cc
sable@users.sourceforge
dave@mielke.cc
adikushnir@gmail.com
dave@mielke.cc
muzeo@wanadoo.fr
dave@mielke.cc
director@chpi.org
mramadan@nattiq.com
dave@mielke.cc
director@chpi.org
mramadan@nattiq.com
dave@mielke.cc
director@chpi.org
mramadan@nattiq.com
dave@mielke.cc
vtsaran@gmail.com
dave@mielke.cc
mike.sivill@viewplus.com
dave@mielke.cc
buchal@brailcom.org
dave@mielke.cc
director@chpi.org
mramadan@nattiq.com
dave@mielke.cc
jplejacq@quoininc.com
martin@piware.de
and1000@debian.org
e2scrub@host.domain
rafael@debian.org
agmartin@debian.org
license@farsiweb.info
gunnarhj@ubuntu.com
kurtz.alex@googlemail.com
steve.beattie@canonical.com
kees@ubuntu.com
ejad@debian.org
filippo@debian.org
mario_limonciello@dell.com
iwamatsu@debian.org
rmurray@debian.org
bigon@debian.org
rob@mars.org
agi@inittab.org
mueller@teamix.net
biebl@debian.org
tytso@mit.edu
printing@lists.debian
miquels@cistron.nl
hmh@rcm.org
rleigh@debian.org
walters@debian.org
sjoerd@debian.org
hmh@debian.org
jmknoble@mercury.interpath
alvar@meiko.co
clameter@debian.org
gunnarhj@ubuntu.com
tar@gnu.org
mike@piratehaven.org
jon@jon.demon
jtang@tresys.com
ruiandrebatista@gmail.com
Andrei.Kholodnyi@gmail.com
w.d.hubbs@gmail.com
trev.saunders@gmail.com
jmccann@redhat.com
fudge@thefudge.net
themuso@ubuntu.com
hussainmkj@gmail.com
cwendling@hypra.fr
rpoitevin@hypra.fr
no.known.email@example.com
listaddr1@gmx.net
gcasse@oralux.org
ruiandrebatista@gmail.com
themuso@themuso.com
garycramblitt@comcast.net
cwendling@hypra.fr
gcasse@oralux.org
themuso@ubuntu.com
didier@slint.fr
garycramblitt@comcast.net
listaddr1@gmx.net
gcasse@oralux.org
cmbrannon79@gmail.com
themuso@themuso.com
no.known.email@example.com
obert01@mistigri.org
themuso@ubuntu.com
didier@slint.fr
speechd@freebsoft.org
listaddr1@gmx.net
gcasse@oralux.org
ruiandrebatista@gmail.com
themuso@themuso.com
rpoitevin@hypra.fr
64@openssh.com
kirkland@canonical.com
brian@canonical.com
username@site.domain
devel@lists.alioth
x@lists.debian
osamu@debian.org
aron@debian.org
