1000000
МиБ Mem :   1987,2 total,   1155,8 free,    630,4 used,    201,0 buff/cache
МиБ Swap:   1401,6 total,    849,2 free,    552,4 used.   1189,2 avail Mem 
   3121 pertsev+  20   0   87776  81724   3140 S   0,0   4,0   0:09.96 mem.bash
   1657 pertsev+  20   0 1067788  36204  21432 S  12,5   1,8   0:25.22 nautilus
   1351 pertsev+  20   0  850320  48988  18948 S   6,2   2,4   0:29.82 Xorg
   1552 pertsev+  20   0 4590324 169648  77852 S   6,2   8,3   0:49.12 gnome-shell
      1 root      20   0  167900   5208   3612 S   0,0   0,3   0:02.93 systemd
      2 root      20   0       0      0      0 S   0,0   0,0   0:00.00 kthreadd

2000000
МиБ Mem :   1987,2 total,   1001,2 free,    784,9 used,    201,0 buff/cache
МиБ Swap:   1401,6 total,    849,4 free,    552,2 used.   1035,9 avail Mem 
   3121 pertsev+  20   0  165920 159852   3140 S   0,0   7,9   0:22.57 mem.bash
   1552 pertsev+  20   0 4590324 169840  77852 S   6,2   8,3   0:50.55 gnome-shell
   1657 pertsev+  20   0 1067928  36256  21432 S   6,2   1,8   0:25.31 nautilus
   3122 pertsev+  20   0  165920 159852   3136 R   6,2   7,9   0:22.65 mem2.bash
      1 root      20   0  167900   5208   3612 S   0,0   0,3   0:02.95 systemd
      2 root      20   0       0      0      0 S   0,0   0,0   0:00.00 kthreadd

3000000
МиБ Mem :   1987,2 total,    848,1 free,    938,0 used,    201,1 buff/cache
МиБ Swap:   1401,6 total,    849,4 free,    552,2 used.    883,1 avail Mem 
   3121 pertsev+  20   0  243932 237976   3140 S   0,0  11,7   0:34.19 mem.bash
   1657 pertsev+  20   0 1067928  36260  21432 S  12,5   1,8   0:25.40 nautilus
   3122 pertsev+  20   0  243932 237976   3136 S   6,2  11,7   0:34.31 mem2.bash
      1 root      20   0  167900   5208   3612 S   0,0   0,3   0:02.95 systemd
      2 root      20   0       0      0      0 S   0,0   0,0   0:00.00 kthreadd
      3 root       0 -20       0      0      0 I   0,0   0,0   0:00.00 rcu_gp

4000000
МиБ Mem :   1987,2 total,    694,6 free,   1091,6 used,    201,1 buff/cache
МиБ Swap:   1401,6 total,    849,4 free,    552,2 used.    729,3 avail Mem 
   3121 pertsev+  20   0  322076 316100   3140 S   0,0  15,5   0:45.71 mem.bash
   1351 pertsev+  20   0  850320  48988  18948 S   6,7   2,4   0:30.65 Xorg
   1552 pertsev+  20   0 4590324 169776  77852 S   6,7   8,3   0:50.68 gnome-shell
   1657 pertsev+  20   0 1067928  36316  21432 S   6,7   1,8   0:25.48 nautilus
   3187 pertsev+  20   0   11920   3764   3304 R   6,7   0,2   0:00.01 top
      1 root      20   0  167900   5208   3612 S   0,0   0,3   0:02.95 systemd

5000000
МиБ Mem :   1987,2 total,    542,7 free,   1243,4 used,    201,1 buff/cache
МиБ Swap:   1401,6 total,    849,4 free,    552,2 used.    576,0 avail Mem 
   3121 pertsev+  20   0  400220 394228   3140 S   0,0  19,4   0:57.21 mem.bash
   1657 pertsev+  20   0 1067928  36372  21432 S   6,7   1,8   0:25.58 nautilus
   3122 pertsev+  20   0  400220 394228   3136 S   6,7  19,4   0:57.47 mem2.bash
      1 root      20   0  167900   5208   3612 S   0,0   0,3   0:02.95 systemd
      2 root      20   0       0      0      0 S   0,0   0,0   0:00.00 kthreadd
      3 root       0 -20       0      0      0 I   0,0   0,0   0:00.00 rcu_gp

6000000
МиБ Mem :   1987,2 total,    390,9 free,   1395,2 used,    201,1 buff/cache
МиБ Swap:   1401,6 total,    849,4 free,    552,2 used.    423,7 avail Mem 
   3121 pertsev+  20   0  478364 472352   3140 S   0,0  23,2   1:08.84 mem.bash
   1552 pertsev+  20   0 4590324 169724  77852 S   2,0   8,3   0:50.81 gnome-shell
      1 root      20   0  167900   5208   3612 S   0,0   0,3   0:02.95 systemd
      2 root      20   0       0      0      0 S   0,0   0,0   0:00.00 kthreadd
      3 root       0 -20       0      0      0 I   0,0   0,0   0:00.00 rcu_gp
      4 root       0 -20       0      0      0 I   0,0   0,0   0:00.00 rcu_par_gp

7000000
МиБ Mem :   1987,2 total,    238,8 free,   1547,3 used,    201,1 buff/cache
МиБ Swap:   1401,6 total,    849,4 free,    552,2 used.    271,9 avail Mem 
   3121 pertsev+  20   0  556508 550476   3140 S   0,0  27,1   1:20.37 mem.bash
   1657 pertsev+  20   0 1068060  36504  21432 S  11,1   1,8   0:25.81 nautilus
   1552 pertsev+  20   0 4590324 169776  77852 S   5,6   8,3   0:50.87 gnome-shell
   3231 pertsev+  20   0   11920   3724   3264 R   5,6   0,2   0:00.01 top
   3233 pertsev+  20   0   11920   3712   3252 S   5,6   0,2   0:00.01 top
      1 root      20   0  167900   5208   3612 S   0,0   0,3   0:02.95 systemd

8000000
МиБ Mem :   1987,2 total,     85,7 free,   1699,9 used,    201,6 buff/cache
МиБ Swap:   1401,6 total,    849,4 free,    552,2 used.    119,7 avail Mem 
   3121 pertsev+  20   0  634652 628600   3140 S   0,0  30,9   1:32.23 mem.bash
   1657 pertsev+  20   0 1068192  36576  21432 S  13,3   1,8   0:25.92 nautilus
   3122 pertsev+  20   0  634652 628600   3136 S   6,7  30,9   1:32.77 mem2.bash
      1 root      20   0  167900   5208   3612 S   0,0   0,3   0:02.95 systemd
      2 root      20   0       0      0      0 S   0,0   0,0   0:00.00 kthreadd
      3 root       0 -20       0      0      0 I   0,0   0,0   0:00.00 rcu_gp

9000000
МиБ Mem :   1987,2 total,     73,1 free,   1825,1 used,     88,9 buff/cache
МиБ Swap:   1401,6 total,    822,2 free,    579,5 used.     35,7 avail Mem 
   3121 pertsev+  20   0  712796 705688   2100 S   0,0  34,7   1:44.92 mem.bash
   3122 pertsev+  20   0  712796 705720   2128 S  53,3  34,7   1:45.63 mem2.bash
   1552 pertsev+  20   0 4590324 117444  31612 S  33,3   5,8   0:52.37 gnome-shell
   1351 pertsev+  20   0  850672  46168  16156 D  20,0   2,3   0:31.75 Xorg
   1657 pertsev+  20   0 1068368  24820   9816 S  20,0   1,2   0:26.07 nautilus
   2926 pertsev+  20   0  907204 115304  10168 S  13,3   5,7   0:08.83 gedit

10000000
МиБ Mem :   1987,2 total,     74,4 free,   1805,9 used,    106,9 buff/cache
МиБ Swap:   1401,6 total,    650,4 free,    751,2 used.     44,6 avail Mem 
   3121 pertsev+  20   0  790808 770672   1644 S   0,0  37,9   1:57.82 mem.bash
   1657 pertsev+  20   0 1068368  20516   9624 S  20,0   1,0   0:26.25 nautilus
   3281 pertsev+  20   0   11920   3572   3112 S  13,3   0,2   0:00.02 top
   3280 pertsev+  20   0   11920   3560   3096 R   6,7   0,2   0:00.02 top
   3283 pertsev+  20   0    9636    952    868 S   6,7   0,0   0:00.01 awk
      1 root      20   0  167900   1988    432 S   0,0   0,1   0:02.98 systemd

11000000
МиБ Mem :   1987,2 total,     76,7 free,   1818,6 used,     91,8 buff/cache
МиБ Swap:   1401,6 total,    515,4 free,    886,2 used.     38,8 avail Mem 
   3121 pertsev+  20   0  868952 779636   1456 S   0,0  38,3   2:10.23 mem.bash
   1657 pertsev+  20   0 1068368  20716   9788 S  12,5   1,0   0:26.40 nautilus
   3122 pertsev+  20   0  868952 780304   1416 S  12,5  38,3   2:10.93 mem2.bash
   1351 pertsev+  20   0  843608  31768  15404 S   6,2   1,6   0:32.36 Xorg
   3299 pertsev+  20   0   11920   3472   3008 R   6,2   0,2   0:00.02 top
   3300 pertsev+  20   0    9636    952    864 S   6,2   0,0   0:00.01 awk

12000000
МиБ Mem :   1987,2 total,     74,2 free,   1828,3 used,     84,7 buff/cache
МиБ Swap:   1401,6 total,    367,2 free,   1034,4 used.     31,9 avail Mem 
   3121 pertsev+  20   0  947096 784376   1236 S   0,0  38,5   2:22.56 mem.bash
   1657 pertsev+  20   0 1068500  20200   9176 S  12,5   1,0   0:26.55 nautilus
   3122 pertsev+  20   0  947096 784232   1240 R   6,2  38,5   2:23.36 mem2.bash
      1 root      20   0  167900   1556      0 S   0,0   0,1   0:02.98 systemd
      2 root      20   0       0      0      0 S   0,0   0,0   0:00.00 kthreadd
      3 root       0 -20       0      0      0 I   0,0   0,0   0:00.00 rcu_gp

13000000
МиБ Mem :   1987,2 total,     68,7 free,   1823,5 used,     94,9 buff/cache
МиБ Swap:   1401,6 total,    177,1 free,   1224,6 used.     36,4 avail Mem 
   3121 pertsev+  20   0 1025240 749584   1324 S   0,0  36,8   2:35.67 mem.bash
   1552 pertsev+  20   0 4590324  92080  34520 S  40,0   4,5   0:53.86 gnome-shell
   2926 pertsev+  20   0  907204  24720  12528 D  40,0   1,2   0:09.50 gedit
   1351 pertsev+  20   0  850352  43208  17784 S  20,0   2,1   0:32.57 Xorg
   3122 pertsev+  20   0 1025240 749916   1284 S  20,0  36,9   2:36.34 mem2.bash
   1657 pertsev+  20   0 1068632  20428   9324 S  13,3   1,0   0:26.71 nautilus

14000000
МиБ Mem :   1987,2 total,     74,5 free,   1802,8 used,    109,9 buff/cache
МиБ Swap:   1401,6 total,      0,6 free,   1401,1 used.     48,4 avail Mem 
   3121 pertsev+  20   0 1103384 745780   1324 S   0,0  36,6   2:48.95 mem.bash
   3122 pertsev+  20   0 1103384 746604   1284 S  16,7  36,7   2:49.63 mem2.bash
   3351 pertsev+  20   0   11920   3452   2992 S  16,7   0,2   0:00.03 top
   1657 pertsev+  20   0 1068632  20084   8864 S  11,1   1,0   0:26.86 nautilus
   3350 pertsev+  20   0    9636   1004    916 S   5,6   0,0   0:00.01 awk
   3352 pertsev+  20   0    9636   1008    920 S   5,6   0,0   0:00.01 awk

