1000000
2000000
3000000
4000000
5000000
6000000
7000000
8000000
9000000
10000000
11000000
12000000
13000000
14000000
15000000
16000000
17000000
18000000
19000000
20000000
21000000
22000000
23000000
24000000
25000000
26000000
27000000
28000000
29000000
[ 1623.791088] Out of memory: Killed process 3122 (mem2.bash) total-vm:2315804kB, anon-rss:1622524kB, file-rss:0kB, shmem-rss:0kB, UID:1000 pgtables:4576kB oom_score_adj:0
[ 1623.893439] oom_reaper: reaped process 3122 (mem2.bash), now anon-rss:0kB, file-rss:0kB, shmem-rss:0kB
