215
1	/sbin/init
2	[kthreadd]
3	[rcu_gp]
4	[rcu_par_gp]
5	[kworker/0:0-events]
6	[kworker/0:0H-kblockd]
7	[kworker/0:1-events]
8	[kworker/u8:0-events_unbound]
9	[mm_percpu_wq]
10	[ksoftirqd/0]
11	[rcu_sched]
12	[migration/0]
13	[idle_inject/0]
14	[cpuhp/0]
15	[cpuhp/1]
16	[idle_inject/1]
17	[migration/1]
18	[ksoftirqd/1]
19	[kworker/1:0-events]
20	[kworker/1:0H-kblockd]
21	[cpuhp/2]
22	[idle_inject/2]
23	[migration/2]
24	[ksoftirqd/2]
25	[kworker/2:0-cgroup_destroy]
26	[kworker/2:0H-kblockd]
27	[cpuhp/3]
28	[idle_inject/3]
29	[migration/3]
30	[ksoftirqd/3]
31	[kworker/3:0-events]
32	[kworker/3:0H-kblockd]
33	[kdevtmpfs]
34	[netns]
35	[rcu_tasks_kthre]
36	[kauditd]
37	[khungtaskd]
38	[oom_reaper]
39	[writeback]
40	[kcompactd0]
41	[ksmd]
42	[khugepaged]
47	[kworker/3:1-events]
89	[kintegrityd]
90	[kblockd]
91	[blkcg_punt_bio]
92	[tpm_dev_wq]
93	[ata_sff]
94	[md]
95	[edac-poller]
96	[devfreq_wq]
97	[watchdogd]
98	[kworker/1:1-events]
99	[kworker/u8:1-events_unbound]
101	[kswapd0]
102	[ecryptfs-kthrea]
104	[kthrotld]
105	[acpi_thermal_pm]
106	[scsi_eh_0]
107	[scsi_tmf_0]
108	[scsi_eh_1]
109	[scsi_tmf_1]
110	[kworker/u8:2-events_power_efficient]
111	[vfio-irqfd-clea]
112	[kworker/u8:3-writeback]
113	[kworker/2:1-events]
114	[ipv6_addrconf]
123	[kstrp]
126	[kworker/u9:0]
139	[charger_manager]
140	[kworker/3:1H-kblockd]
141	[kworker/2:2-events]
186	[kworker/1:2-cgroup_destroy]
190	[scsi_eh_2]
191	[kworker/1:3-rcu_gp]
192	[scsi_tmf_2]
195	[kworker/1:1H-events_highpri]
197	[kworker/0:2-events]
215	[kworker/2:1H-events_highpri]
217	[jbd2/sda5-8]
218	[ext4-rsv-conver]
219	[kworker/0:1H-kblockd]
258	/lib/systemd/systemd-journald
276	[kworker/u8:4-events_unbound]
278	[kworker/3:2-cgroup_destroy]
283	/lib/systemd/systemd-udevd
284	[irq/18-vmwgfx]
285	[ttm_swap]
294	[loop0]
300	[loop1]
306	[loop2]
307	[loop3]
309	[loop4]
310	[loop5]
311	[loop6]
312	[loop7]
340	[loop8]
341	[loop9]
342	[loop10]
343	[loop11]
344	[loop12]
347	[iprt-VBoxWQueue]
368	[cryptd]
588	/lib/systemd/systemd-resolved
589	/lib/systemd/systemd-timesyncd
614	/usr/lib/accountsservice/accounts-daemon
615	/usr/sbin/acpid
616	/usr/sbin/anacron
618	avahi-daemon:
621	/usr/sbin/cron
625	/usr/bin/dbus-daemon
626	/usr/sbin/NetworkManager
637	/usr/sbin/irqbalance
639	/usr/bin/python3
645	/usr/lib/policykit-1/polkitd
647	/usr/sbin/rsyslogd
649	/usr/lib/snapd/snapd
653	/usr/libexec/switcheroo-control
655	/lib/systemd/systemd-logind
658	/usr/lib/udisks2/udisksd
661	/sbin/wpa_supplicant
672	avahi-daemon:
701	[kworker/3:3-events]
711	/usr/sbin/cups-browsed
717	/usr/sbin/ModemManager
723	/usr/bin/python3
728	/usr/sbin/cupsd
746	/usr/sbin/gdm3
751	[kworker/1:4-events]
794	/usr/bin/whoopsie
797	/usr/sbin/kerneloops
807	/usr/sbin/kerneloops
866	/usr/libexec/rtkit-daemon
991	/usr/lib/upower/upowerd
1066	/usr/lib/packagekit/packagekitd
1218	/usr/libexec/colord
1271	gdm-session-worker
1279	/lib/systemd/systemd
1280	(sd-pam)
1285	[kworker/0:3-events]
1287	/usr/bin/pulseaudio
1289	/usr/libexec/tracker-miner-fs
1292	/usr/bin/dbus-daemon
1296	/usr/libexec/gvfsd
1298	/usr/bin/gnome-keyring-daemon
1305	/usr/libexec/gvfsd-fuse
1312	/usr/libexec/gvfs-udisks2-volume-monitor
1314	/usr/lib/gdm3/gdm-x-session
1318	/usr/lib/xorg/Xorg
1334	/usr/libexec/gvfs-goa-volume-monitor
1338	/usr/libexec/goa-daemon
1348	/usr/libexec/goa-identity-service
1361	/usr/libexec/gvfs-gphoto2-volume-monitor
1365	/usr/libexec/gvfs-afc-volume-monitor
1373	/usr/libexec/gvfs-mtp-volume-monitor
1390	/usr/libexec/gnome-session-binary
1464	/usr/bin/ssh-agent
1481	/usr/bin/ibus-daemon
1488	/usr/libexec/ibus-dconf
1489	/usr/libexec/ibus-ui-gtk3
1491	/usr/libexec/ibus-extension-gtk3
1494	/usr/libexec/ibus-x11
1496	/usr/libexec/ibus-portal
1535	/usr/libexec/at-spi-bus-launcher
1540	/usr/bin/dbus-daemon
1549	/usr/libexec/at-spi2-registryd
1553	/usr/libexec/xdg-desktop-portal
1565	/usr/libexec/xdg-document-portal
1568	/usr/libexec/xdg-permission-store
1577	/usr/libexec/xdg-desktop-portal-gtk
1586	/usr/libexec/dconf-service
1600	/usr/bin/gnome-keyring-daemon
1612	/usr/libexec/gnome-session-ctl
1618	/usr/libexec/gnome-session-binary
1624	/usr/libexec/ibus-engine-simple
1639	/usr/bin/gnome-shell
1666	/usr/libexec/gvfsd-metadata
1681	/usr/libexec/gnome-shell-calendar-server
1687	/usr/libexec/evolution-source-registry
1696	/usr/libexec/evolution-calendar-factory
1708	/usr/libexec/evolution-addressbook-factory
1723	/usr/bin/gjs
1731	/usr/libexec/gvfsd-trash
1740	/usr/libexec/gsd-a11y-settings
1743	/usr/libexec/gsd-color
1744	/usr/libexec/gsd-datetime
1745	/usr/libexec/gsd-housekeeping
1746	/usr/libexec/gsd-keyboard
1747	/usr/libexec/gsd-media-keys
1749	/usr/libexec/gsd-power
1752	/usr/libexec/gsd-print-notifications
1753	/usr/libexec/gsd-rfkill
1754	/usr/libexec/gsd-screensaver-proxy
1755	/usr/libexec/gsd-sharing
1757	/usr/libexec/gsd-smartcard
1761	/usr/libexec/gsd-sound
1762	/usr/libexec/gsd-usb-protection
1763	/usr/libexec/gsd-wacom
1765	/usr/libexec/gsd-wwan
1768	/usr/libexec/gsd-xsettings
1783	/usr/libexec/gsd-disk-utility-notify
1804	/usr/libexec/evolution-data-server/evolution-alarm-notify
1854	/usr/libexec/gsd-printer
1855	/snap/snap-store/481/usr/bin/snap-store
2015	/usr/libexec/fwupd/fwupd
2358	/usr/bin/nautilus
2583	[kworker/2:3-cgroup_destroy]
2631	/usr/bin/gedit
2664	[kworker/3:4-cgroup_destroy]
2665	/usr/libexec/gnome-terminal-server
2676	bash
2682	update-notifier
2693	/bin/bash
2694	ps
2695	awk
